{"C:\\Users\\Rafael\\Documents\\Projetos\\metodo_tests_tajs\\src\\01_mocks\\person.js": {"path":"C:\\Users\\Rafael\\Documents\\Projetos\\metodo_tests_tajs\\src\\01_mocks\\person.js","all":false,"statementMap":{"0":{"start":{"line":1,"column":0},"end":{"line":1,"column":14}},"1":{"start":{"line":2,"column":0},"end":{"line":2,"column":29}},"2":{"start":{"line":3,"column":0},"end":{"line":3,"column":61}},"3":{"start":{"line":4,"column":0},"end":{"line":4,"column":58}},"4":{"start":{"line":5,"column":0},"end":{"line":5,"column":5}},"5":{"start":{"line":6,"column":0},"end":{"line":6,"column":0}},"6":{"start":{"line":7,"column":0},"end":{"line":7,"column":27}},"7":{"start":{"line":8,"column":0},"end":{"line":8,"column":58}},"8":{"start":{"line":9,"column":0},"end":{"line":9,"column":16}},"9":{"start":{"line":10,"column":0},"end":{"line":10,"column":47}},"10":{"start":{"line":11,"column":0},"end":{"line":11,"column":17}},"11":{"start":{"line":12,"column":0},"end":{"line":12,"column":40}},"12":{"start":{"line":13,"column":0},"end":{"line":13,"column":9}},"13":{"start":{"line":14,"column":0},"end":{"line":14,"column":5}},"14":{"start":{"line":15,"column":0},"end":{"line":15,"column":0}},"15":{"start":{"line":16,"column":0},"end":{"line":16,"column":25}},"16":{"start":{"line":17,"column":0},"end":{"line":17,"column":142}},"17":{"start":{"line":18,"column":0},"end":{"line":18,"column":53}},"18":{"start":{"line":19,"column":0},"end":{"line":19,"column":5}},"19":{"start":{"line":20,"column":0},"end":{"line":20,"column":0}},"20":{"start":{"line":21,"column":0},"end":{"line":21,"column":28}},"21":{"start":{"line":22,"column":0},"end":{"line":22,"column":29}},"22":{"start":{"line":23,"column":0},"end":{"line":23,"column":51}},"23":{"start":{"line":24,"column":0},"end":{"line":24,"column":34}},"24":{"start":{"line":25,"column":0},"end":{"line":25,"column":19}},"25":{"start":{"line":26,"column":0},"end":{"line":26,"column":5}},"26":{"start":{"line":27,"column":0},"end":{"line":27,"column":1}},"27":{"start":{"line":28,"column":0},"end":{"line":28,"column":0}},"28":{"start":{"line":29,"column":0},"end":{"line":29,"column":16}},"29":{"start":{"line":30,"column":0},"end":{"line":30,"column":34}},"30":{"start":{"line":31,"column":0},"end":{"line":31,"column":28}},"31":{"start":{"line":32,"column":0},"end":{"line":32,"column":6}},"32":{"start":{"line":33,"column":0},"end":{"line":33,"column":0}},"33":{"start":{"line":34,"column":0},"end":{"line":34,"column":21}}},"s":{"0":1,"1":1,"2":4,"3":4,"4":4,"5":1,"6":1,"7":2,"8":2,"9":2,"10":2,"11":2,"12":2,"13":2,"14":1,"15":1,"16":5,"17":4,"18":4,"19":1,"20":1,"21":2,"22":2,"23":2,"24":2,"25":2,"26":1,"27":1,"28":1,"29":1,"30":1,"31":1,"32":1,"33":1},"branchMap":{"0":{"type":"branch","line":2,"loc":{"start":{"line":2,"column":11},"end":{"line":5,"column":5}},"locations":[{"start":{"line":2,"column":11},"end":{"line":5,"column":5}}]},"1":{"type":"branch","line":3,"loc":{"start":{"line":3,"column":25},"end":{"line":3,"column":61}},"locations":[{"start":{"line":3,"column":25},"end":{"line":3,"column":61}}]},"2":{"type":"branch","line":3,"loc":{"start":{"line":3,"column":60},"end":{"line":4,"column":24}},"locations":[{"start":{"line":3,"column":60},"end":{"line":4,"column":24}}]},"3":{"type":"branch","line":4,"loc":{"start":{"line":4,"column":24},"end":{"line":4,"column":58}},"locations":[{"start":{"line":4,"column":24},"end":{"line":4,"column":58}}]},"4":{"type":"branch","line":7,"loc":{"start":{"line":7,"column":11},"end":{"line":14,"column":5}},"locations":[{"start":{"line":7,"column":11},"end":{"line":14,"column":5}}]},"5":{"type":"branch","line":16,"loc":{"start":{"line":16,"column":11},"end":{"line":19,"column":5}},"locations":[{"start":{"line":16,"column":11},"end":{"line":19,"column":5}}]},"6":{"type":"branch","line":17,"loc":{"start":{"line":17,"column":70},"end":{"line":17,"column":142}},"locations":[{"start":{"line":17,"column":70},"end":{"line":17,"column":142}}]},"7":{"type":"branch","line":18,"loc":{"start":{"line":18,"column":-2},"end":{"line":19,"column":5}},"locations":[{"start":{"line":18,"column":-2},"end":{"line":19,"column":5}}]},"8":{"type":"branch","line":17,"loc":{"start":{"line":17,"column":47},"end":{"line":17,"column":67}},"locations":[{"start":{"line":17,"column":47},"end":{"line":17,"column":67}}]},"9":{"type":"branch","line":21,"loc":{"start":{"line":21,"column":11},"end":{"line":26,"column":5}},"locations":[{"start":{"line":21,"column":11},"end":{"line":26,"column":5}}]}},"b":{"0":[4],"1":[1],"2":[3],"3":[1],"4":[2],"5":[5],"6":[1],"7":[4],"8":[15],"9":[2]},"fnMap":{"0":{"name":"validate","decl":{"start":{"line":2,"column":11},"end":{"line":5,"column":5}},"loc":{"start":{"line":2,"column":11},"end":{"line":5,"column":5}},"line":2},"1":{"name":"format","decl":{"start":{"line":7,"column":11},"end":{"line":14,"column":5}},"loc":{"start":{"line":7,"column":11},"end":{"line":14,"column":5}},"line":7},"2":{"name":"save","decl":{"start":{"line":16,"column":11},"end":{"line":19,"column":5}},"loc":{"start":{"line":16,"column":11},"end":{"line":19,"column":5}},"line":16},"3":{"name":"process","decl":{"start":{"line":21,"column":11},"end":{"line":26,"column":5}},"loc":{"start":{"line":21,"column":11},"end":{"line":26,"column":5}},"line":21}},"f":{"0":4,"1":2,"2":5,"3":2}}
,"C:\\Users\\Rafael\\Documents\\Projetos\\metodo_tests_tajs\\src\\02_stubs\\service.js": {"path":"C:\\Users\\Rafael\\Documents\\Projetos\\metodo_tests_tajs\\src\\02_stubs\\service.js","all":false,"statementMap":{"0":{"start":{"line":1,"column":0},"end":{"line":1,"column":32}},"1":{"start":{"line":2,"column":0},"end":{"line":2,"column":33}},"2":{"start":{"line":3,"column":0},"end":{"line":3,"column":28}},"3":{"start":{"line":4,"column":0},"end":{"line":4,"column":0}},"4":{"start":{"line":5,"column":0},"end":{"line":5,"column":30}},"5":{"start":{"line":6,"column":0},"end":{"line":6,"column":13}},"6":{"start":{"line":7,"column":0},"end":{"line":7,"column":31}},"7":{"start":{"line":8,"column":0},"end":{"line":8,"column":33}},"8":{"start":{"line":9,"column":0},"end":{"line":9,"column":5}},"9":{"start":{"line":10,"column":0},"end":{"line":10,"column":0}},"10":{"start":{"line":11,"column":0},"end":{"line":11,"column":29}},"11":{"start":{"line":12,"column":0},"end":{"line":12,"column":73}},"12":{"start":{"line":13,"column":0},"end":{"line":13,"column":5}},"13":{"start":{"line":14,"column":0},"end":{"line":14,"column":0}},"14":{"start":{"line":15,"column":0},"end":{"line":15,"column":34}},"15":{"start":{"line":16,"column":0},"end":{"line":16,"column":37}},"16":{"start":{"line":17,"column":0},"end":{"line":17,"column":21}},"17":{"start":{"line":18,"column":0},"end":{"line":18,"column":51}},"18":{"start":{"line":19,"column":0},"end":{"line":19,"column":46}},"19":{"start":{"line":20,"column":0},"end":{"line":20,"column":23}},"20":{"start":{"line":21,"column":0},"end":{"line":21,"column":0}},"21":{"start":{"line":22,"column":0},"end":{"line":22,"column":50}},"22":{"start":{"line":23,"column":0},"end":{"line":23,"column":5}},"23":{"start":{"line":24,"column":0},"end":{"line":24,"column":18}},"24":{"start":{"line":25,"column":0},"end":{"line":25,"column":54}},"25":{"start":{"line":26,"column":0},"end":{"line":26,"column":21}},"26":{"start":{"line":27,"column":0},"end":{"line":27,"column":9}},"27":{"start":{"line":28,"column":0},"end":{"line":28,"column":66}},"28":{"start":{"line":29,"column":0},"end":{"line":29,"column":66}},"29":{"start":{"line":30,"column":0},"end":{"line":30,"column":20}},"30":{"start":{"line":31,"column":0},"end":{"line":31,"column":31}},"31":{"start":{"line":32,"column":0},"end":{"line":32,"column":0}},"32":{"start":{"line":33,"column":0},"end":{"line":33,"column":39}},"33":{"start":{"line":34,"column":0},"end":{"line":34,"column":0}},"34":{"start":{"line":35,"column":0},"end":{"line":35,"column":20}},"35":{"start":{"line":36,"column":0},"end":{"line":36,"column":46}},"36":{"start":{"line":37,"column":0},"end":{"line":37,"column":61}},"37":{"start":{"line":38,"column":0},"end":{"line":38,"column":5}},"38":{"start":{"line":39,"column":0},"end":{"line":39,"column":1}}},"s":{"0":1,"1":1,"2":1,"3":1,"4":1,"5":3,"6":3,"7":3,"8":3,"9":3,"10":3,"11":1,"12":1,"13":3,"14":3,"15":1,"16":1,"17":1,"18":1,"19":1,"20":1,"21":1,"22":1,"23":3,"24":2,"25":0,"26":0,"27":2,"28":1,"29":1,"30":1,"31":1,"32":2,"33":1,"34":1,"35":1,"36":1,"37":1,"38":3},"branchMap":{"0":{"type":"branch","line":5,"loc":{"start":{"line":5,"column":15},"end":{"line":39,"column":1}},"locations":[{"start":{"line":5,"column":15},"end":{"line":39,"column":1}}]},"1":{"type":"branch","line":7,"loc":{"start":{"line":7,"column":4},"end":{"line":9,"column":5}},"locations":[{"start":{"line":7,"column":4},"end":{"line":9,"column":5}}]},"2":{"type":"branch","line":11,"loc":{"start":{"line":11,"column":4},"end":{"line":13,"column":5}},"locations":[{"start":{"line":11,"column":4},"end":{"line":13,"column":5}}]},"3":{"type":"branch","line":15,"loc":{"start":{"line":15,"column":4},"end":{"line":23,"column":5}},"locations":[{"start":{"line":15,"column":4},"end":{"line":23,"column":5}}]},"4":{"type":"branch","line":24,"loc":{"start":{"line":24,"column":4},"end":{"line":38,"column":5}},"locations":[{"start":{"line":24,"column":4},"end":{"line":38,"column":5}}]},"5":{"type":"branch","line":25,"loc":{"start":{"line":25,"column":53},"end":{"line":27,"column":9}},"locations":[{"start":{"line":25,"column":53},"end":{"line":27,"column":9}}]},"6":{"type":"branch","line":28,"loc":{"start":{"line":28,"column":57},"end":{"line":33,"column":30}},"locations":[{"start":{"line":28,"column":57},"end":{"line":33,"column":30}}]},"7":{"type":"branch","line":33,"loc":{"start":{"line":33,"column":30},"end":{"line":33,"column":39}},"locations":[{"start":{"line":33,"column":30},"end":{"line":33,"column":39}}]},"8":{"type":"branch","line":34,"loc":{"start":{"line":34,"column":-2},"end":{"line":38,"column":5}},"locations":[{"start":{"line":34,"column":-2},"end":{"line":38,"column":5}}]},"9":{"type":"branch","line":31,"loc":{"start":{"line":31,"column":16},"end":{"line":31,"column":30}},"locations":[{"start":{"line":31,"column":16},"end":{"line":31,"column":30}}]},"10":{"type":"branch","line":36,"loc":{"start":{"line":36,"column":21},"end":{"line":36,"column":45}},"locations":[{"start":{"line":36,"column":21},"end":{"line":36,"column":45}}]},"11":{"type":"branch","line":37,"loc":{"start":{"line":37,"column":21},"end":{"line":37,"column":60}},"locations":[{"start":{"line":37,"column":21},"end":{"line":37,"column":60}}]}},"b":{"0":[3],"1":[3],"2":[1],"3":[1],"4":[2],"5":[0],"6":[1],"7":[0],"8":[1],"9":[3],"10":[2],"11":[2]},"fnMap":{"0":{"name":"<instance_members_initializer>","decl":{"start":{"line":5,"column":15},"end":{"line":39,"column":1}},"loc":{"start":{"line":5,"column":15},"end":{"line":39,"column":1}},"line":5},"1":{"name":"Service","decl":{"start":{"line":7,"column":4},"end":{"line":9,"column":5}},"loc":{"start":{"line":7,"column":4},"end":{"line":9,"column":5}},"line":7},"2":{"name":"#hashPassword","decl":{"start":{"line":11,"column":4},"end":{"line":13,"column":5}},"loc":{"start":{"line":11,"column":4},"end":{"line":13,"column":5}},"line":11},"3":{"name":"create","decl":{"start":{"line":15,"column":4},"end":{"line":23,"column":5}},"loc":{"start":{"line":15,"column":4},"end":{"line":23,"column":5}},"line":15},"4":{"name":"read","decl":{"start":{"line":24,"column":4},"end":{"line":38,"column":5}},"loc":{"start":{"line":24,"column":4},"end":{"line":38,"column":5}},"line":24}},"f":{"0":3,"1":3,"2":1,"3":1,"4":2}}
,"C:\\Users\\Rafael\\Documents\\Projetos\\metodo_tests_tajs\\test\\04_faketimers\\src\\task.js": {"path":"C:\\Users\\Rafael\\Documents\\Projetos\\metodo_tests_tajs\\test\\04_faketimers\\src\\task.js","all":false,"statementMap":{"0":{"start":{"line":1,"column":0},"end":{"line":1,"column":27}},"1":{"start":{"line":2,"column":0},"end":{"line":2,"column":20}},"2":{"start":{"line":3,"column":0},"end":{"line":3,"column":28}},"3":{"start":{"line":4,"column":0},"end":{"line":4,"column":16}},"4":{"start":{"line":5,"column":0},"end":{"line":5,"column":75}},"5":{"start":{"line":6,"column":0},"end":{"line":6,"column":5}},"6":{"start":{"line":7,"column":0},"end":{"line":7,"column":40}},"7":{"start":{"line":8,"column":0},"end":{"line":8,"column":3}},"8":{"start":{"line":9,"column":0},"end":{"line":9,"column":0}},"9":{"start":{"line":10,"column":0},"end":{"line":10,"column":16}},"10":{"start":{"line":11,"column":0},"end":{"line":11,"column":42}},"11":{"start":{"line":12,"column":0},"end":{"line":12,"column":28}},"12":{"start":{"line":13,"column":0},"end":{"line":13,"column":34}},"13":{"start":{"line":14,"column":0},"end":{"line":14,"column":38}},"14":{"start":{"line":15,"column":0},"end":{"line":15,"column":33}},"15":{"start":{"line":16,"column":0},"end":{"line":16,"column":15}},"16":{"start":{"line":17,"column":0},"end":{"line":17,"column":7}},"17":{"start":{"line":18,"column":0},"end":{"line":18,"column":39}},"18":{"start":{"line":19,"column":0},"end":{"line":19,"column":31}},"19":{"start":{"line":20,"column":0},"end":{"line":20,"column":19}},"20":{"start":{"line":21,"column":0},"end":{"line":21,"column":34}},"21":{"start":{"line":22,"column":0},"end":{"line":22,"column":9}},"22":{"start":{"line":23,"column":0},"end":{"line":23,"column":7}},"23":{"start":{"line":24,"column":0},"end":{"line":24,"column":15}},"24":{"start":{"line":25,"column":0},"end":{"line":25,"column":3}},"25":{"start":{"line":26,"column":0},"end":{"line":26,"column":1}}},"s":{"0":1,"1":1,"2":1,"3":2,"4":2,"5":2,"6":2,"7":2,"8":1,"9":1,"10":1,"11":50,"12":50,"13":0,"14":0,"15":0,"16":0,"17":50,"18":75,"19":2,"20":2,"21":2,"22":75,"23":1,"24":1,"25":1},"branchMap":{"0":{"type":"branch","line":1,"loc":{"start":{"line":1,"column":15},"end":{"line":26,"column":1}},"locations":[{"start":{"line":1,"column":15},"end":{"line":26,"column":1}}]},"1":{"type":"branch","line":3,"loc":{"start":{"line":3,"column":2},"end":{"line":8,"column":3}},"locations":[{"start":{"line":3,"column":2},"end":{"line":8,"column":3}}]},"2":{"type":"branch","line":10,"loc":{"start":{"line":10,"column":2},"end":{"line":25,"column":3}},"locations":[{"start":{"line":10,"column":2},"end":{"line":25,"column":3}}]},"3":{"type":"branch","line":11,"loc":{"start":{"line":11,"column":35},"end":{"line":24,"column":5}},"locations":[{"start":{"line":11,"column":35},"end":{"line":24,"column":5}}]},"4":{"type":"branch","line":13,"loc":{"start":{"line":13,"column":33},"end":{"line":17,"column":7}},"locations":[{"start":{"line":13,"column":33},"end":{"line":17,"column":7}}]},"5":{"type":"branch","line":18,"loc":{"start":{"line":18,"column":38},"end":{"line":23,"column":7}},"locations":[{"start":{"line":18,"column":38},"end":{"line":23,"column":7}}]},"6":{"type":"branch","line":19,"loc":{"start":{"line":19,"column":30},"end":{"line":22,"column":9}},"locations":[{"start":{"line":19,"column":30},"end":{"line":22,"column":9}}]}},"b":{"0":[1],"1":[2],"2":[1],"3":[50],"4":[0],"5":[75],"6":[2]},"fnMap":{"0":{"name":"<instance_members_initializer>","decl":{"start":{"line":1,"column":15},"end":{"line":26,"column":1}},"loc":{"start":{"line":1,"column":15},"end":{"line":26,"column":1}},"line":1},"1":{"name":"save","decl":{"start":{"line":3,"column":2},"end":{"line":8,"column":3}},"loc":{"start":{"line":3,"column":2},"end":{"line":8,"column":3}},"line":3},"2":{"name":"run","decl":{"start":{"line":10,"column":2},"end":{"line":25,"column":3}},"loc":{"start":{"line":10,"column":2},"end":{"line":25,"column":3}},"line":10}},"f":{"0":1,"1":2,"2":1}}
,"C:\\Users\\Rafael\\Documents\\Projetos\\metodo_tests_tajs\\test\\05_code_coverage\\src\\person.js": {"path":"C:\\Users\\Rafael\\Documents\\Projetos\\metodo_tests_tajs\\test\\05_code_coverage\\src\\person.js","all":false,"statementMap":{"0":{"start":{"line":1,"column":0},"end":{"line":1,"column":41}},"1":{"start":{"line":2,"column":0},"end":{"line":2,"column":48}},"2":{"start":{"line":3,"column":0},"end":{"line":3,"column":0}},"3":{"start":{"line":4,"column":0},"end":{"line":4,"column":10}},"4":{"start":{"line":5,"column":0},"end":{"line":5,"column":9}},"5":{"start":{"line":6,"column":0},"end":{"line":6,"column":8}},"6":{"start":{"line":7,"column":0},"end":{"line":7,"column":25}},"7":{"start":{"line":8,"column":0},"end":{"line":8,"column":3}},"8":{"start":{"line":9,"column":0},"end":{"line":9,"column":1}}},"s":{"0":1,"1":3,"2":3,"3":3,"4":3,"5":3,"6":3,"7":3,"8":3},"branchMap":{"0":{"type":"branch","line":1,"loc":{"start":{"line":1,"column":7},"end":{"line":9,"column":1}},"locations":[{"start":{"line":1,"column":7},"end":{"line":9,"column":1}}]}},"b":{"0":[3]},"fnMap":{"0":{"name":"mapPerson","decl":{"start":{"line":1,"column":7},"end":{"line":9,"column":1}},"loc":{"start":{"line":1,"column":7},"end":{"line":9,"column":1}},"line":1}},"f":{"0":3}}
,"C:\\Users\\Rafael\\Documents\\Projetos\\metodo_tests_tajs\\test\\05_code_coverage\\src\\task.js": {"path":"C:\\Users\\Rafael\\Documents\\Projetos\\metodo_tests_tajs\\test\\05_code_coverage\\src\\task.js","all":false,"statementMap":{"0":{"start":{"line":1,"column":0},"end":{"line":1,"column":27}},"1":{"start":{"line":2,"column":0},"end":{"line":2,"column":20}},"2":{"start":{"line":3,"column":0},"end":{"line":3,"column":28}},"3":{"start":{"line":4,"column":0},"end":{"line":4,"column":16}},"4":{"start":{"line":5,"column":0},"end":{"line":5,"column":75}},"5":{"start":{"line":6,"column":0},"end":{"line":6,"column":5}},"6":{"start":{"line":7,"column":0},"end":{"line":7,"column":40}},"7":{"start":{"line":8,"column":0},"end":{"line":8,"column":3}},"8":{"start":{"line":9,"column":0},"end":{"line":9,"column":0}},"9":{"start":{"line":10,"column":0},"end":{"line":10,"column":16}},"10":{"start":{"line":11,"column":0},"end":{"line":11,"column":42}},"11":{"start":{"line":12,"column":0},"end":{"line":12,"column":28}},"12":{"start":{"line":13,"column":0},"end":{"line":13,"column":34}},"13":{"start":{"line":14,"column":0},"end":{"line":14,"column":38}},"14":{"start":{"line":15,"column":0},"end":{"line":15,"column":33}},"15":{"start":{"line":16,"column":0},"end":{"line":16,"column":15}},"16":{"start":{"line":17,"column":0},"end":{"line":17,"column":7}},"17":{"start":{"line":18,"column":0},"end":{"line":18,"column":39}},"18":{"start":{"line":19,"column":0},"end":{"line":19,"column":31}},"19":{"start":{"line":20,"column":0},"end":{"line":20,"column":19}},"20":{"start":{"line":21,"column":0},"end":{"line":21,"column":34}},"21":{"start":{"line":22,"column":0},"end":{"line":22,"column":9}},"22":{"start":{"line":23,"column":0},"end":{"line":23,"column":7}},"23":{"start":{"line":24,"column":0},"end":{"line":24,"column":15}},"24":{"start":{"line":25,"column":0},"end":{"line":25,"column":3}},"25":{"start":{"line":26,"column":0},"end":{"line":26,"column":1}}},"s":{"0":1,"1":1,"2":1,"3":2,"4":2,"5":2,"6":2,"7":2,"8":1,"9":1,"10":1,"11":50,"12":50,"13":0,"14":0,"15":0,"16":0,"17":50,"18":75,"19":2,"20":2,"21":2,"22":75,"23":1,"24":1,"25":1},"branchMap":{"0":{"type":"branch","line":1,"loc":{"start":{"line":1,"column":15},"end":{"line":26,"column":1}},"locations":[{"start":{"line":1,"column":15},"end":{"line":26,"column":1}}]},"1":{"type":"branch","line":3,"loc":{"start":{"line":3,"column":2},"end":{"line":8,"column":3}},"locations":[{"start":{"line":3,"column":2},"end":{"line":8,"column":3}}]},"2":{"type":"branch","line":10,"loc":{"start":{"line":10,"column":2},"end":{"line":25,"column":3}},"locations":[{"start":{"line":10,"column":2},"end":{"line":25,"column":3}}]},"3":{"type":"branch","line":11,"loc":{"start":{"line":11,"column":35},"end":{"line":24,"column":5}},"locations":[{"start":{"line":11,"column":35},"end":{"line":24,"column":5}}]},"4":{"type":"branch","line":13,"loc":{"start":{"line":13,"column":33},"end":{"line":17,"column":7}},"locations":[{"start":{"line":13,"column":33},"end":{"line":17,"column":7}}]},"5":{"type":"branch","line":18,"loc":{"start":{"line":18,"column":38},"end":{"line":23,"column":7}},"locations":[{"start":{"line":18,"column":38},"end":{"line":23,"column":7}}]},"6":{"type":"branch","line":19,"loc":{"start":{"line":19,"column":30},"end":{"line":22,"column":9}},"locations":[{"start":{"line":19,"column":30},"end":{"line":22,"column":9}}]}},"b":{"0":[1],"1":[2],"2":[1],"3":[50],"4":[0],"5":[75],"6":[2]},"fnMap":{"0":{"name":"<instance_members_initializer>","decl":{"start":{"line":1,"column":15},"end":{"line":26,"column":1}},"loc":{"start":{"line":1,"column":15},"end":{"line":26,"column":1}},"line":1},"1":{"name":"save","decl":{"start":{"line":3,"column":2},"end":{"line":8,"column":3}},"loc":{"start":{"line":3,"column":2},"end":{"line":8,"column":3}},"line":3},"2":{"name":"run","decl":{"start":{"line":10,"column":2},"end":{"line":25,"column":3}},"loc":{"start":{"line":10,"column":2},"end":{"line":25,"column":3}},"line":10}},"f":{"0":1,"1":2,"2":1}}
}
