TN:
SF:src\01_mocks\person.js
FN:2,validate
FN:7,format
FN:16,save
FN:21,process
FNF:4
FNH:4
FNDA:4,validate
FNDA:2,format
FNDA:5,save
FNDA:2,process
DA:1,1
DA:2,1
DA:3,4
DA:4,4
DA:5,4
DA:6,1
DA:7,1
DA:8,2
DA:9,2
DA:10,2
DA:11,2
DA:12,2
DA:13,2
DA:14,2
DA:15,1
DA:16,1
DA:17,5
DA:18,4
DA:19,4
DA:20,1
DA:21,1
DA:22,2
DA:23,2
DA:24,2
DA:25,2
DA:26,2
DA:27,1
DA:28,1
DA:29,1
DA:30,1
DA:31,1
DA:32,1
DA:33,1
DA:34,1
LF:34
LH:34
BRDA:2,0,0,4
BRDA:3,1,0,1
BRDA:3,2,0,3
BRDA:4,3,0,1
BRDA:7,4,0,2
BRDA:16,5,0,5
BRDA:17,6,0,1
BRDA:18,7,0,4
BRDA:17,8,0,15
BRDA:21,9,0,2
BRF:10
BRH:10
end_of_record
TN:
SF:src\02_stubs\service.js
FN:5,<instance_members_initializer>
FN:7,Service
FN:11,#hashPassword
FN:15,create
FN:24,read
FNF:5
FNH:5
FNDA:3,<instance_members_initializer>
FNDA:3,Service
FNDA:1,#hashPassword
FNDA:1,create
FNDA:2,read
DA:1,1
DA:2,1
DA:3,1
DA:4,1
DA:5,1
DA:6,3
DA:7,3
DA:8,3
DA:9,3
DA:10,3
DA:11,3
DA:12,1
DA:13,1
DA:14,3
DA:15,3
DA:16,1
DA:17,1
DA:18,1
DA:19,1
DA:20,1
DA:21,1
DA:22,1
DA:23,1
DA:24,3
DA:25,2
DA:26,0
DA:27,0
DA:28,2
DA:29,1
DA:30,1
DA:31,1
DA:32,1
DA:33,2
DA:34,1
DA:35,1
DA:36,1
DA:37,1
DA:38,1
DA:39,3
LF:39
LH:37
BRDA:5,0,0,3
BRDA:7,1,0,3
BRDA:11,2,0,1
BRDA:15,3,0,1
BRDA:24,4,0,2
BRDA:25,5,0,0
BRDA:28,6,0,1
BRDA:33,7,0,0
BRDA:34,8,0,1
BRDA:31,9,0,3
BRDA:36,10,0,2
BRDA:37,11,0,2
BRF:12
BRH:10
end_of_record
TN:
SF:test\04_faketimers\src\task.js
FN:1,<instance_members_initializer>
FN:3,save
FN:10,run
FNF:3
FNH:3
FNDA:1,<instance_members_initializer>
FNDA:2,save
FNDA:1,run
DA:1,1
DA:2,1
DA:3,1
DA:4,2
DA:5,2
DA:6,2
DA:7,2
DA:8,2
DA:9,1
DA:10,1
DA:11,1
DA:12,50
DA:13,50
DA:14,0
DA:15,0
DA:16,0
DA:17,0
DA:18,50
DA:19,75
DA:20,2
DA:21,2
DA:22,2
DA:23,75
DA:24,1
DA:25,1
DA:26,1
LF:26
LH:22
BRDA:1,0,0,1
BRDA:3,1,0,2
BRDA:10,2,0,1
BRDA:11,3,0,50
BRDA:13,4,0,0
BRDA:18,5,0,75
BRDA:19,6,0,2
BRF:7
BRH:6
end_of_record
TN:
SF:test\05_code_coverage\src\person.js
FN:1,mapPerson
FNF:1
FNH:1
FNDA:3,mapPerson
DA:1,1
DA:2,3
DA:3,3
DA:4,3
DA:5,3
DA:6,3
DA:7,3
DA:8,3
DA:9,3
LF:9
LH:9
BRDA:1,0,0,3
BRF:1
BRH:1
end_of_record
TN:
SF:test\05_code_coverage\src\task.js
FN:1,<instance_members_initializer>
FN:3,save
FN:10,run
FNF:3
FNH:3
FNDA:1,<instance_members_initializer>
FNDA:2,save
FNDA:1,run
DA:1,1
DA:2,1
DA:3,1
DA:4,2
DA:5,2
DA:6,2
DA:7,2
DA:8,2
DA:9,1
DA:10,1
DA:11,1
DA:12,50
DA:13,50
DA:14,0
DA:15,0
DA:16,0
DA:17,0
DA:18,50
DA:19,75
DA:20,2
DA:21,2
DA:22,2
DA:23,75
DA:24,1
DA:25,1
DA:26,1
LF:26
LH:22
BRDA:1,0,0,1
BRDA:3,1,0,2
BRDA:10,2,0,1
BRDA:11,3,0,50
BRDA:13,4,0,0
BRDA:18,5,0,75
BRDA:19,6,0,2
BRF:7
BRH:6
end_of_record
